2026-07-07T08:38:37.684165Z  INFO herdr::logging: herdr starting event="app.startup" subsystem="client" outcome="started" pid=66899
2026-07-07T08:38:37.684211Z  INFO herdr::client: connecting to server path=/Users/shubham/.config/herdr/herdr-client.sock
2026-07-07T08:38:37.924291Z  INFO herdr::client: handshake succeeded version=14 encoding=SemanticFrame
2026-07-07T08:44:23.147247Z  INFO herdr::logging: herdr starting event="app.startup" subsystem="client" outcome="started" pid=84668
2026-07-07T08:44:23.148047Z  INFO herdr::client: connecting to server path=/Users/shubham/.config/herdr/herdr-client.sock
2026-07-07T08:44:23.357591Z  INFO herdr::client: handshake succeeded version=14 encoding=SemanticFrame
2026-07-07T08:45:12.600512Z  INFO herdr::logging: herdr starting event="app.startup" subsystem="client" outcome="started" pid=88140
2026-07-07T08:45:12.600549Z  INFO herdr::client: connecting to server path=/Users/shubham/.config/herdr/herdr-client.sock
2026-07-07T08:45:12.703757Z  INFO herdr::client: handshake succeeded version=14 encoding=SemanticFrame
2026-07-07T08:45:22.204840Z  INFO herdr::logging: herdr starting event="app.startup" subsystem="client" outcome="started" pid=88706
2026-07-07T08:45:22.204867Z  INFO herdr::client: connecting to server path=/Users/shubham/.config/herdr/herdr-client.sock
2026-07-07T08:45:22.299702Z  INFO herdr::client: handshake succeeded version=14 encoding=SemanticFrame
2026-07-07T08:47:16.346138Z  INFO herdr::logging: herdr starting event="app.startup" subsystem="client" outcome="started" pid=1024
2026-07-07T08:47:16.346331Z  INFO herdr::client: connecting to server path=/Users/shubham/.config/herdr/herdr-client.sock
2026-07-07T08:47:16.550602Z  INFO herdr::client: handshake succeeded version=14 encoding=SemanticFrame
2026-07-07T08:48:04.209164Z  INFO herdr::logging: herdr starting event="app.startup" subsystem="client" outcome="started" pid=5905
2026-07-07T08:48:04.209195Z  INFO herdr::client: connecting to server path=/Users/shubham/.config/herdr/herdr-client.sock
2026-07-07T08:48:04.298215Z  INFO herdr::client: handshake succeeded version=14 encoding=SemanticFrame
2026-07-07T08:57:48.489309Z  WARN herdr::config::io: config parse error, using defaults err=TOML parse error at line 16, column 1
   |
16 | focus_pane_left  = ["prefix+h", "prefix+left", "alt+left"]
   | ^
duplicate key `focus_pane_left` in table `keys`

2026-07-07T08:57:48.489341Z  INFO herdr::logging: herdr starting event="app.startup" subsystem="client" outcome="started" pid=13047
2026-07-07T08:57:48.489346Z  INFO herdr::client: connecting to server path=/Users/shubham/.config/herdr/herdr-client.sock
2026-07-07T08:57:48.613224Z  INFO herdr::client: handshake succeeded version=14 encoding=SemanticFrame
2026-07-07T09:02:51.263293Z  INFO herdr::logging: herdr starting event="app.startup" subsystem="client" outcome="started" pid=19071
2026-07-07T09:02:51.263317Z  INFO herdr::client: connecting to server path=/Users/shubham/.config/herdr/herdr-client.sock
2026-07-07T09:02:51.506189Z  INFO herdr::client: handshake succeeded version=14 encoding=SemanticFrame
2026-07-07T10:05:11.022505Z  INFO herdr::logging: herdr starting event="app.startup" subsystem="client" outcome="started" pid=89898
2026-07-07T10:05:11.022559Z  INFO herdr::client: connecting to server path=/Users/shubham/.config/herdr/herdr-client.sock
2026-07-07T10:05:11.216043Z  INFO herdr::client: handshake succeeded version=14 encoding=SemanticFrame
2026-07-07T10:05:22.937573Z  INFO herdr::logging: herdr starting event="app.startup" subsystem="client" outcome="started" pid=91235
2026-07-07T10:05:22.937603Z  INFO herdr::client: connecting to server path=/Users/shubham/.config/herdr/herdr-client.sock
2026-07-07T10:05:23.028950Z  INFO herdr::client: handshake succeeded version=14 encoding=SemanticFrame
